<?xml version="1.0" encoding="UTF-8"?>
<testsuite xmlns:xsi="http://www.w3.org/2001/XMLSchema-instance" xsi:noNamespaceSchemaLocation="https://maven.apache.org/surefire/maven-surefire-plugin/xsd/surefire-test-report.xsd" name="top.chriszwz.Hello001.Hello001ApplicationTests" time="0.045" tests="2" errors="2" skipped="0" failures="0">
  <properties>
    <property name="java.specification.version" value="15"/>
    <property name="sun.cpu.isalist" value="amd64"/>
    <property name="sun.jnu.encoding" value="GBK"/>
    <property name="java.class.path" value="C:\Users\Shine&apos;lon\Desktop\桌面应急\Hello001\Hello001\target\test-classes;C:\Users\Shine&apos;lon\Desktop\桌面应急\Hello001\Hello001\target\classes;C:\JAVAEE\apache-maven-3.6.3\Maven-repo\org\springframework\boot\spring-boot-starter-web\2.1.7.RELEASE\spring-boot-starter-web-2.1.7.RELEASE.jar;C:\JAVAEE\apache-maven-3.6.3\Maven-repo\org\springframework\boot\spring-boot-starter\2.1.7.RELEASE\spring-boot-starter-2.1.7.RELEASE.jar;C:\JAVAEE\apache-maven-3.6.3\Maven-repo\org\springframework\boot\spring-boot-starter-logging\2.1.7.RELEASE\spring-boot-starter-logging-2.1.7.RELEASE.jar;C:\JAVAEE\apache-maven-3.6.3\Maven-repo\ch\qos\logback\logback-classic\1.2.3\logback-classic-1.2.3.jar;C:\JAVAEE\apache-maven-3.6.3\Maven-repo\ch\qos\logback\logback-core\1.2.3\logback-core-1.2.3.jar;C:\JAVAEE\apache-maven-3.6.3\Maven-repo\org\apache\logging\log4j\log4j-to-slf4j\2.11.2\log4j-to-slf4j-2.11.2.jar;C:\JAVAEE\apache-maven-3.6.3\Maven-repo\org\apache\logging\log4j\log4j-api\2.11.2\log4j-api-2.11.2.jar;C:\JAVAEE\apache-maven-3.6.3\Maven-repo\org\slf4j\jul-to-slf4j\1.7.26\jul-to-slf4j-1.7.26.jar;C:\JAVAEE\apache-maven-3.6.3\Maven-repo\javax\annotation\javax.annotation-api\1.3.2\javax.annotation-api-1.3.2.jar;C:\JAVAEE\apache-maven-3.6.3\Maven-repo\org\yaml\snakeyaml\1.23\snakeyaml-1.23.jar;C:\JAVAEE\apache-maven-3.6.3\Maven-repo\org\springframework\boot\spring-boot-starter-json\2.1.7.RELEASE\spring-boot-starter-json-2.1.7.RELEASE.jar;C:\JAVAEE\apache-maven-3.6.3\Maven-repo\com\fasterxml\jackson\core\jackson-databind\2.9.9\jackson-databind-2.9.9.jar;C:\JAVAEE\apache-maven-3.6.3\Maven-repo\com\fasterxml\jackson\core\jackson-annotations\2.9.0\jackson-annotations-2.9.0.jar;C:\JAVAEE\apache-maven-3.6.3\Maven-repo\com\fasterxml\jackson\core\jackson-core\2.9.9\jackson-core-2.9.9.jar;C:\JAVAEE\apache-maven-3.6.3\Maven-repo\com\fasterxml\jackson\datatype\jackson-datatype-jdk8\2.9.9\jackson-datatype-jdk8-2.9.9.jar;C:\JAVAEE\apache-maven-3.6.3\Maven-repo\com\fasterxml\jackson\datatype\jackson-datatype-jsr310\2.9.9\jackson-datatype-jsr310-2.9.9.jar;C:\JAVAEE\apache-maven-3.6.3\Maven-repo\com\fasterxml\jackson\module\jackson-module-parameter-names\2.9.9\jackson-module-parameter-names-2.9.9.jar;C:\JAVAEE\apache-maven-3.6.3\Maven-repo\org\springframework\boot\spring-boot-starter-tomcat\2.1.7.RELEASE\spring-boot-starter-tomcat-2.1.7.RELEASE.jar;C:\JAVAEE\apache-maven-3.6.3\Maven-repo\org\apache\tomcat\embed\tomcat-embed-core\9.0.22\tomcat-embed-core-9.0.22.jar;C:\JAVAEE\apache-maven-3.6.3\Maven-repo\org\apache\tomcat\embed\tomcat-embed-el\9.0.22\tomcat-embed-el-9.0.22.jar;C:\JAVAEE\apache-maven-3.6.3\Maven-repo\org\apache\tomcat\embed\tomcat-embed-websocket\9.0.22\tomcat-embed-websocket-9.0.22.jar;C:\JAVAEE\apache-maven-3.6.3\Maven-repo\org\hibernate\validator\hibernate-validator\6.0.17.Final\hibernate-validator-6.0.17.Final.jar;C:\JAVAEE\apache-maven-3.6.3\Maven-repo\javax\validation\validation-api\2.0.1.Final\validation-api-2.0.1.Final.jar;C:\JAVAEE\apache-maven-3.6.3\Maven-repo\org\jboss\logging\jboss-logging\3.3.2.Final\jboss-logging-3.3.2.Final.jar;C:\JAVAEE\apache-maven-3.6.3\Maven-repo\com\fasterxml\classmate\1.4.0\classmate-1.4.0.jar;C:\JAVAEE\apache-maven-3.6.3\Maven-repo\org\springframework\spring-web\5.1.9.RELEASE\spring-web-5.1.9.RELEASE.jar;C:\JAVAEE\apache-maven-3.6.3\Maven-repo\org\springframework\spring-beans\5.1.9.RELEASE\spring-beans-5.1.9.RELEASE.jar;C:\JAVAEE\apache-maven-3.6.3\Maven-repo\org\springframework\spring-webmvc\5.1.9.RELEASE\spring-webmvc-5.1.9.RELEASE.jar;C:\JAVAEE\apache-maven-3.6.3\Maven-repo\org\springframework\spring-aop\5.1.9.RELEASE\spring-aop-5.1.9.RELEASE.jar;C:\JAVAEE\apache-maven-3.6.3\Maven-repo\org\springframework\spring-context\5.1.9.RELEASE\spring-context-5.1.9.RELEASE.jar;C:\JAVAEE\apache-maven-3.6.3\Maven-repo\org\springframework\spring-expression\5.1.9.RELEASE\spring-expression-5.1.9.RELEASE.jar;C:\JAVAEE\apache-maven-3.6.3\Maven-repo\org\springframework\boot\spring-boot-devtools\2.1.7.RELEASE\spring-boot-devtools-2.1.7.RELEASE.jar;C:\JAVAEE\apache-maven-3.6.3\Maven-repo\org\springframework\boot\spring-boot\2.1.7.RELEASE\spring-boot-2.1.7.RELEASE.jar;C:\JAVAEE\apache-maven-3.6.3\Maven-repo\org\springframework\boot\spring-boot-autoconfigure\2.1.7.RELEASE\spring-boot-autoconfigure-2.1.7.RELEASE.jar;C:\JAVAEE\apache-maven-3.6.3\Maven-repo\mysql\mysql-connector-java\8.0.17\mysql-connector-java-8.0.17.jar;C:\JAVAEE\apache-maven-3.6.3\Maven-repo\org\projectlombok\lombok\1.18.8\lombok-1.18.8.jar;C:\JAVAEE\apache-maven-3.6.3\Maven-repo\org\springframework\boot\spring-boot-starter-test\2.1.7.RELEASE\spring-boot-starter-test-2.1.7.RELEASE.jar;C:\JAVAEE\apache-maven-3.6.3\Maven-repo\org\springframework\boot\spring-boot-test\2.1.7.RELEASE\spring-boot-test-2.1.7.RELEASE.jar;C:\JAVAEE\apache-maven-3.6.3\Maven-repo\org\springframework\boot\spring-boot-test-autoconfigure\2.1.7.RELEASE\spring-boot-test-autoconfigure-2.1.7.RELEASE.jar;C:\JAVAEE\apache-maven-3.6.3\Maven-repo\com\jayway\jsonpath\json-path\2.4.0\json-path-2.4.0.jar;C:\JAVAEE\apache-maven-3.6.3\Maven-repo\net\minidev\json-smart\2.3\json-smart-2.3.jar;C:\JAVAEE\apache-maven-3.6.3\Maven-repo\net\minidev\accessors-smart\1.2\accessors-smart-1.2.jar;C:\JAVAEE\apache-maven-3.6.3\Maven-repo\org\ow2\asm\asm\5.0.4\asm-5.0.4.jar;C:\JAVAEE\apache-maven-3.6.3\Maven-repo\junit\junit\4.12\junit-4.12.jar;C:\JAVAEE\apache-maven-3.6.3\Maven-repo\org\assertj\assertj-core\3.11.1\assertj-core-3.11.1.jar;C:\JAVAEE\apache-maven-3.6.3\Maven-repo\org\mockito\mockito-core\2.23.4\mockito-core-2.23.4.jar;C:\JAVAEE\apache-maven-3.6.3\Maven-repo\net\bytebuddy\byte-buddy\1.9.16\byte-buddy-1.9.16.jar;C:\JAVAEE\apache-maven-3.6.3\Maven-repo\net\bytebuddy\byte-buddy-agent\1.9.16\byte-buddy-agent-1.9.16.jar;C:\JAVAEE\apache-maven-3.6.3\Maven-repo\org\objenesis\objenesis\2.6\objenesis-2.6.jar;C:\JAVAEE\apache-maven-3.6.3\Maven-repo\org\hamcrest\hamcrest-core\1.3\hamcrest-core-1.3.jar;C:\JAVAEE\apache-maven-3.6.3\Maven-repo\org\hamcrest\hamcrest-library\1.3\hamcrest-library-1.3.jar;C:\JAVAEE\apache-maven-3.6.3\Maven-repo\org\skyscreamer\jsonassert\1.5.0\jsonassert-1.5.0.jar;C:\JAVAEE\apache-maven-3.6.3\Maven-repo\com\vaadin\external\google\android-json\0.0.20131108.vaadin1\android-json-0.0.20131108.vaadin1.jar;C:\JAVAEE\apache-maven-3.6.3\Maven-repo\org\springframework\spring-core\5.1.9.RELEASE\spring-core-5.1.9.RELEASE.jar;C:\JAVAEE\apache-maven-3.6.3\Maven-repo\org\springframework\spring-jcl\5.1.9.RELEASE\spring-jcl-5.1.9.RELEASE.jar;C:\JAVAEE\apache-maven-3.6.3\Maven-repo\org\springframework\spring-test\5.1.9.RELEASE\spring-test-5.1.9.RELEASE.jar;C:\JAVAEE\apache-maven-3.6.3\Maven-repo\org\xmlunit\xmlunit-core\2.6.3\xmlunit-core-2.6.3.jar;C:\JAVAEE\apache-maven-3.6.3\Maven-repo\javax\xml\bind\jaxb-api\2.3.1\jaxb-api-2.3.1.jar;C:\JAVAEE\apache-maven-3.6.3\Maven-repo\javax\activation\javax.activation-api\1.2.0\javax.activation-api-1.2.0.jar;C:\JAVAEE\apache-maven-3.6.3\Maven-repo\org\thymeleaf\thymeleaf-spring5\3.0.11.RELEASE\thymeleaf-spring5-3.0.11.RELEASE.jar;C:\JAVAEE\apache-maven-3.6.3\Maven-repo\org\thymeleaf\thymeleaf\3.0.11.RELEASE\thymeleaf-3.0.11.RELEASE.jar;C:\JAVAEE\apache-maven-3.6.3\Maven-repo\org\attoparser\attoparser\2.0.5.RELEASE\attoparser-2.0.5.RELEASE.jar;C:\JAVAEE\apache-maven-3.6.3\Maven-repo\org\unbescape\unbescape\1.1.6.RELEASE\unbescape-1.1.6.RELEASE.jar;C:\JAVAEE\apache-maven-3.6.3\Maven-repo\org\slf4j\slf4j-api\1.7.26\slf4j-api-1.7.26.jar;C:\JAVAEE\apache-maven-3.6.3\Maven-repo\org\thymeleaf\extras\thymeleaf-extras-java8time\3.0.4.RELEASE\thymeleaf-extras-java8time-3.0.4.RELEASE.jar;"/>
    <property name="java.vm.vendor" value="Oracle Corporation"/>
    <property name="sun.arch.data.model" value="64"/>
    <property name="user.variant" value=""/>
    <property name="java.vendor.url" value="https://java.oracle.com/"/>
    <property name="user.timezone" value="Asia/Shanghai"/>
    <property name="os.name" value="Windows 10"/>
    <property name="java.vm.specification.version" value="15"/>
    <property name="sun.java.launcher" value="SUN_STANDARD"/>
    <property name="user.country" value="CN"/>
    <property name="sun.boot.library.path" value="C:\Program Files\Java\jdk-15\bin"/>
    <property name="sun.java.command" value="C:\Users\SHINE&apos;~1\AppData\Local\Temp\surefire14541480462853471435\surefirebooter6316222107670486868.jar C:\Users\Shine&apos;lon\AppData\Local\Temp\surefire14541480462853471435 2022-04-26T15-38-03_518-jvmRun1 surefire6304811156424744648tmp surefire_012075716364033281813tmp"/>
    <property name="jdk.debug" value="release"/>
    <property name="surefire.test.class.path" value="C:\Users\Shine&apos;lon\Desktop\桌面应急\Hello001\Hello001\target\test-classes;C:\Users\Shine&apos;lon\Desktop\桌面应急\Hello001\Hello001\target\classes;C:\JAVAEE\apache-maven-3.6.3\Maven-repo\org\springframework\boot\spring-boot-starter-web\2.1.7.RELEASE\spring-boot-starter-web-2.1.7.RELEASE.jar;C:\JAVAEE\apache-maven-3.6.3\Maven-repo\org\springframework\boot\spring-boot-starter\2.1.7.RELEASE\spring-boot-starter-2.1.7.RELEASE.jar;C:\JAVAEE\apache-maven-3.6.3\Maven-repo\org\springframework\boot\spring-boot-starter-logging\2.1.7.RELEASE\spring-boot-starter-logging-2.1.7.RELEASE.jar;C:\JAVAEE\apache-maven-3.6.3\Maven-repo\ch\qos\logback\logback-classic\1.2.3\logback-classic-1.2.3.jar;C:\JAVAEE\apache-maven-3.6.3\Maven-repo\ch\qos\logback\logback-core\1.2.3\logback-core-1.2.3.jar;C:\JAVAEE\apache-maven-3.6.3\Maven-repo\org\apache\logging\log4j\log4j-to-slf4j\2.11.2\log4j-to-slf4j-2.11.2.jar;C:\JAVAEE\apache-maven-3.6.3\Maven-repo\org\apache\logging\log4j\log4j-api\2.11.2\log4j-api-2.11.2.jar;C:\JAVAEE\apache-maven-3.6.3\Maven-repo\org\slf4j\jul-to-slf4j\1.7.26\jul-to-slf4j-1.7.26.jar;C:\JAVAEE\apache-maven-3.6.3\Maven-repo\javax\annotation\javax.annotation-api\1.3.2\javax.annotation-api-1.3.2.jar;C:\JAVAEE\apache-maven-3.6.3\Maven-repo\org\yaml\snakeyaml\1.23\snakeyaml-1.23.jar;C:\JAVAEE\apache-maven-3.6.3\Maven-repo\org\springframework\boot\spring-boot-starter-json\2.1.7.RELEASE\spring-boot-starter-json-2.1.7.RELEASE.jar;C:\JAVAEE\apache-maven-3.6.3\Maven-repo\com\fasterxml\jackson\core\jackson-databind\2.9.9\jackson-databind-2.9.9.jar;C:\JAVAEE\apache-maven-3.6.3\Maven-repo\com\fasterxml\jackson\core\jackson-annotations\2.9.0\jackson-annotations-2.9.0.jar;C:\JAVAEE\apache-maven-3.6.3\Maven-repo\com\fasterxml\jackson\core\jackson-core\2.9.9\jackson-core-2.9.9.jar;C:\JAVAEE\apache-maven-3.6.3\Maven-repo\com\fasterxml\jackson\datatype\jackson-datatype-jdk8\2.9.9\jackson-datatype-jdk8-2.9.9.jar;C:\JAVAEE\apache-maven-3.6.3\Maven-repo\com\fasterxml\jackson\datatype\jackson-datatype-jsr310\2.9.9\jackson-datatype-jsr310-2.9.9.jar;C:\JAVAEE\apache-maven-3.6.3\Maven-repo\com\fasterxml\jackson\module\jackson-module-parameter-names\2.9.9\jackson-module-parameter-names-2.9.9.jar;C:\JAVAEE\apache-maven-3.6.3\Maven-repo\org\springframework\boot\spring-boot-starter-tomcat\2.1.7.RELEASE\spring-boot-starter-tomcat-2.1.7.RELEASE.jar;C:\JAVAEE\apache-maven-3.6.3\Maven-repo\org\apache\tomcat\embed\tomcat-embed-core\9.0.22\tomcat-embed-core-9.0.22.jar;C:\JAVAEE\apache-maven-3.6.3\Maven-repo\org\apache\tomcat\embed\tomcat-embed-el\9.0.22\tomcat-embed-el-9.0.22.jar;C:\JAVAEE\apache-maven-3.6.3\Maven-repo\org\apache\tomcat\embed\tomcat-embed-websocket\9.0.22\tomcat-embed-websocket-9.0.22.jar;C:\JAVAEE\apache-maven-3.6.3\Maven-repo\org\hibernate\validator\hibernate-validator\6.0.17.Final\hibernate-validator-6.0.17.Final.jar;C:\JAVAEE\apache-maven-3.6.3\Maven-repo\javax\validation\validation-api\2.0.1.Final\validation-api-2.0.1.Final.jar;C:\JAVAEE\apache-maven-3.6.3\Maven-repo\org\jboss\logging\jboss-logging\3.3.2.Final\jboss-logging-3.3.2.Final.jar;C:\JAVAEE\apache-maven-3.6.3\Maven-repo\com\fasterxml\classmate\1.4.0\classmate-1.4.0.jar;C:\JAVAEE\apache-maven-3.6.3\Maven-repo\org\springframework\spring-web\5.1.9.RELEASE\spring-web-5.1.9.RELEASE.jar;C:\JAVAEE\apache-maven-3.6.3\Maven-repo\org\springframework\spring-beans\5.1.9.RELEASE\spring-beans-5.1.9.RELEASE.jar;C:\JAVAEE\apache-maven-3.6.3\Maven-repo\org\springframework\spring-webmvc\5.1.9.RELEASE\spring-webmvc-5.1.9.RELEASE.jar;C:\JAVAEE\apache-maven-3.6.3\Maven-repo\org\springframework\spring-aop\5.1.9.RELEASE\spring-aop-5.1.9.RELEASE.jar;C:\JAVAEE\apache-maven-3.6.3\Maven-repo\org\springframework\spring-context\5.1.9.RELEASE\spring-context-5.1.9.RELEASE.jar;C:\JAVAEE\apache-maven-3.6.3\Maven-repo\org\springframework\spring-expression\5.1.9.RELEASE\spring-expression-5.1.9.RELEASE.jar;C:\JAVAEE\apache-maven-3.6.3\Maven-repo\org\springframework\boot\spring-boot-devtools\2.1.7.RELEASE\spring-boot-devtools-2.1.7.RELEASE.jar;C:\JAVAEE\apache-maven-3.6.3\Maven-repo\org\springframework\boot\spring-boot\2.1.7.RELEASE\spring-boot-2.1.7.RELEASE.jar;C:\JAVAEE\apache-maven-3.6.3\Maven-repo\org\springframework\boot\spring-boot-autoconfigure\2.1.7.RELEASE\spring-boot-autoconfigure-2.1.7.RELEASE.jar;C:\JAVAEE\apache-maven-3.6.3\Maven-repo\mysql\mysql-connector-java\8.0.17\mysql-connector-java-8.0.17.jar;C:\JAVAEE\apache-maven-3.6.3\Maven-repo\org\projectlombok\lombok\1.18.8\lombok-1.18.8.jar;C:\JAVAEE\apache-maven-3.6.3\Maven-repo\org\springframework\boot\spring-boot-starter-test\2.1.7.RELEASE\spring-boot-starter-test-2.1.7.RELEASE.jar;C:\JAVAEE\apache-maven-3.6.3\Maven-repo\org\springframework\boot\spring-boot-test\2.1.7.RELEASE\spring-boot-test-2.1.7.RELEASE.jar;C:\JAVAEE\apache-maven-3.6.3\Maven-repo\org\springframework\boot\spring-boot-test-autoconfigure\2.1.7.RELEASE\spring-boot-test-autoconfigure-2.1.7.RELEASE.jar;C:\JAVAEE\apache-maven-3.6.3\Maven-repo\com\jayway\jsonpath\json-path\2.4.0\json-path-2.4.0.jar;C:\JAVAEE\apache-maven-3.6.3\Maven-repo\net\minidev\json-smart\2.3\json-smart-2.3.jar;C:\JAVAEE\apache-maven-3.6.3\Maven-repo\net\minidev\accessors-smart\1.2\accessors-smart-1.2.jar;C:\JAVAEE\apache-maven-3.6.3\Maven-repo\org\ow2\asm\asm\5.0.4\asm-5.0.4.jar;C:\JAVAEE\apache-maven-3.6.3\Maven-repo\junit\junit\4.12\junit-4.12.jar;C:\JAVAEE\apache-maven-3.6.3\Maven-repo\org\assertj\assertj-core\3.11.1\assertj-core-3.11.1.jar;C:\JAVAEE\apache-maven-3.6.3\Maven-repo\org\mockito\mockito-core\2.23.4\mockito-core-2.23.4.jar;C:\JAVAEE\apache-maven-3.6.3\Maven-repo\net\bytebuddy\byte-buddy\1.9.16\byte-buddy-1.9.16.jar;C:\JAVAEE\apache-maven-3.6.3\Maven-repo\net\bytebuddy\byte-buddy-agent\1.9.16\byte-buddy-agent-1.9.16.jar;C:\JAVAEE\apache-maven-3.6.3\Maven-repo\org\objenesis\objenesis\2.6\objenesis-2.6.jar;C:\JAVAEE\apache-maven-3.6.3\Maven-repo\org\hamcrest\hamcrest-core\1.3\hamcrest-core-1.3.jar;C:\JAVAEE\apache-maven-3.6.3\Maven-repo\org\hamcrest\hamcrest-library\1.3\hamcrest-library-1.3.jar;C:\JAVAEE\apache-maven-3.6.3\Maven-repo\org\skyscreamer\jsonassert\1.5.0\jsonassert-1.5.0.jar;C:\JAVAEE\apache-maven-3.6.3\Maven-repo\com\vaadin\external\google\android-json\0.0.20131108.vaadin1\android-json-0.0.20131108.vaadin1.jar;C:\JAVAEE\apache-maven-3.6.3\Maven-repo\org\springframework\spring-core\5.1.9.RELEASE\spring-core-5.1.9.RELEASE.jar;C:\JAVAEE\apache-maven-3.6.3\Maven-repo\org\springframework\spring-jcl\5.1.9.RELEASE\spring-jcl-5.1.9.RELEASE.jar;C:\JAVAEE\apache-maven-3.6.3\Maven-repo\org\springframework\spring-test\5.1.9.RELEASE\spring-test-5.1.9.RELEASE.jar;C:\JAVAEE\apache-maven-3.6.3\Maven-repo\org\xmlunit\xmlunit-core\2.6.3\xmlunit-core-2.6.3.jar;C:\JAVAEE\apache-maven-3.6.3\Maven-repo\javax\xml\bind\jaxb-api\2.3.1\jaxb-api-2.3.1.jar;C:\JAVAEE\apache-maven-3.6.3\Maven-repo\javax\activation\javax.activation-api\1.2.0\javax.activation-api-1.2.0.jar;C:\JAVAEE\apache-maven-3.6.3\Maven-repo\org\thymeleaf\thymeleaf-spring5\3.0.11.RELEASE\thymeleaf-spring5-3.0.11.RELEASE.jar;C:\JAVAEE\apache-maven-3.6.3\Maven-repo\org\thymeleaf\thymeleaf\3.0.11.RELEASE\thymeleaf-3.0.11.RELEASE.jar;C:\JAVAEE\apache-maven-3.6.3\Maven-repo\org\attoparser\attoparser\2.0.5.RELEASE\attoparser-2.0.5.RELEASE.jar;C:\JAVAEE\apache-maven-3.6.3\Maven-repo\org\unbescape\unbescape\1.1.6.RELEASE\unbescape-1.1.6.RELEASE.jar;C:\JAVAEE\apache-maven-3.6.3\Maven-repo\org\slf4j\slf4j-api\1.7.26\slf4j-api-1.7.26.jar;C:\JAVAEE\apache-maven-3.6.3\Maven-repo\org\thymeleaf\extras\thymeleaf-extras-java8time\3.0.4.RELEASE\thymeleaf-extras-java8time-3.0.4.RELEASE.jar;"/>
    <property name="sun.cpu.endian" value="little"/>
    <property name="user.home" value="C:\Users\Shine&apos;lon"/>
    <property name="user.language" value="zh"/>
    <property name="java.specification.vendor" value="Oracle Corporation"/>
    <property name="java.version.date" value="2020-09-15"/>
    <property name="java.home" value="C:\Program Files\Java\jdk-15"/>
    <property name="file.separator" value="\"/>
    <property name="basedir" value="C:\Users\Shine&apos;lon\Desktop\桌面应急\Hello001\Hello001"/>
    <property name="java.vm.compressedOopsMode" value="Zero based"/>
    <property name="line.separator" value="&#10;"/>
    <property name="java.vm.specification.vendor" value="Oracle Corporation"/>
    <property name="java.specification.name" value="Java Platform API Specification"/>
    <property name="surefire.real.class.path" value="C:\Users\SHINE&apos;~1\AppData\Local\Temp\surefire14541480462853471435\surefirebooter6316222107670486868.jar"/>
    <property name="user.script" value=""/>
    <property name="sun.management.compiler" value="HotSpot 64-Bit Tiered Compilers"/>
    <property name="java.runtime.version" value="15+36-1562"/>
    <property name="user.name" value="Shine&apos;lon"/>
    <property name="path.separator" value=";"/>
    <property name="os.version" value="10.0"/>
    <property name="java.runtime.name" value="Java(TM) SE Runtime Environment"/>
    <property name="file.encoding" value="GBK"/>
    <property name="java.vm.name" value="Java HotSpot(TM) 64-Bit Server VM"/>
    <property name="localRepository" value="C:\JAVAEE\apache-maven-3.6.3\Maven-repo"/>
    <property name="java.vendor.url.bug" value="https://bugreport.java.com/bugreport/"/>
    <property name="java.io.tmpdir" value="C:\Users\SHINE&apos;~1\AppData\Local\Temp\"/>
    <property name="idea.version" value="2022.1"/>
    <property name="java.version" value="15"/>
    <property name="user.dir" value="C:\Users\Shine&apos;lon\Desktop\桌面应急\Hello001\Hello001"/>
    <property name="os.arch" value="amd64"/>
    <property name="java.vm.specification.name" value="Java Virtual Machine Specification"/>
    <property name="sun.os.patch.level" value=""/>
    <property name="java.library.path" value="C:\Program Files\Java\jdk-15\bin;C:\WINDOWS\Sun\Java\bin;C:\WINDOWS\system32;C:\WINDOWS;C:\Program Files\NVIDIA GPU Computing Toolkit\CUDA\v10.1\bin;C:\Program Files\NVIDIA GPU Computing Toolkit\CUDA\v10.1\libnvvp;C:\Program Files (x86)\VMware\VMware Workstation\bin\;C:\Program Files\Common Files\Oracle\Java\javapath;C:\Program Files (x86)\Intel\Intel(R) Management Engine Components\iCLS\;C:\Program Files\Intel\Intel(R) Management Engine Components\iCLS\;C:\Windows\system32;C:\Windows;C:\Windows\System32\Wbem;C:\Windows\System32\WindowsPowerShell\v1.0\;C:\Windows\System32\OpenSSH\;C:\Program Files (x86)\NVIDIA Corporation\PhysX\Common;C:\Program Files\Intel\WiFi\bin\;C:\Program Files\Common Files\Intel\WirelessCommon\;C:\Program Files (x86)\Intel\Intel(R) Management Engine Components\DAL;C:\Program Files\Intel\Intel(R) Management Engine Components\DAL;C:\Program Files (x86)\Intel\Intel(R) Management Engine Components\IPT;C:\Program Files\Intel\Intel(R) Management Engine Components\IPT;C:\Program Files\NVIDIA Corporation\NVIDIA NvDLISR;C:\Program Files (x86)\Dev-Cpp\MinGW64\bin;C:\WINDOWS\system32;C:\WINDOWS;C:\WINDOWS\System32\Wbem;C:\WINDOWS\System32\WindowsPowerShell\v1.0\;C:\WINDOWS\System32\OpenSSH\;C:\Program Files\Java\jdk-15\bin;C:\JAVAEE\apache-maven-3.6.3\bin;C:\Program Files\MySQL\MySQL Server 8.0\bin;C:\Users\Shine&apos;lon\AppData\Local\Google\Chrome\Application;C:\Program Files (x86)\Google\Chrome\Application;C:\Program Files\nodejs\;C:\Program Files\NVIDIA Corporation\Nsight Compute 2019.1\;C:\Program Files\NVIDIA GPU Computing Toolkit\CUDA\v10.1;C:\Program Files\NVIDIA GPU Computing Toolkit\CUDA\v10.1\bin\x64;C:\Users\Shine&apos;lon\AppData\Local\Android\Sdk\platform-tools\adb.exe;C:\WINDOWS\system32;C:\WINDOWS;C:\WINDOWS\System32\Wbem;C:\WINDOWS\System32\WindowsPowerShell\v1.0\;C:\WINDOWS\System32\OpenSSH\;C:\Program Files\dotnet\;C:\Program Files (x86)\dotnet\;D:\putty;C:\Program Files\Git\cmd;D:\Anaconda3;C:\Program Files\Go\bin;D:\Anaconda3;D:\Anaconda3\Library\mingw-w64\bin;D:\Anaconda3\Library\usr\bin;D:\Anaconda3\Library\bin;D:\Anaconda3\Scripts;C:\Users\Shine&apos;lon\AppData\Local\Programs\Python\Python38\Scripts\;C:\Users\Shine&apos;lon\AppData\Local\Programs\Python\Python38\;C:\Users\Shine&apos;lon\AppData\Local\Microsoft\WindowsApps;C:\Program Files\Intel\WiFi\bin\;C:\Program Files\Common Files\Intel\WirelessCommon\;D:\Microsoft VS Code\bin;C:\Program Files\JetBrains\PyCharm 2020.3.3\bin;C:\Users\Shine&apos;lon\AppData\Local\Google\Chrome\Application;C:\Program Files (x86)\Google\Chrome\Application;C:\Users\Shine&apos;lon\AppData\Roaming\npm;C:\Program Files\Bandizip\;C:\Program Files\Java\jdk-15\bin;C:\Program Files\JetBrains\CLion 2021.1.2\bin;D:\CppEnv\bin;C:\Users\Shine&apos;lon\go\bin;C:\Program Files\JetBrains\IntelliJ IDEA 2021.3.1\bin;;C:\Users\Shine&apos;lon\AppData\Local\Microsoft\WindowsApps;;."/>
    <property name="java.vm.info" value="mixed mode, sharing"/>
    <property name="java.vendor" value="Oracle Corporation"/>
    <property name="java.vm.version" value="15+36-1562"/>
    <property name="sun.io.unicode.encoding" value="UnicodeLittle"/>
    <property name="maven.repo.local" value="C:\JAVAEE\apache-maven-3.6.3\Maven-repo"/>
    <property name="java.class.version" value="59.0"/>
  </properties>
  <testcase name="initializationError" classname="top.chriszwz.Hello001.Hello001ApplicationTests" time="0.003">
    <error message="The class top.chriszwz.Hello001.Hello001ApplicationTests is not public." type="java.lang.Exception">java.lang.Exception: The class top.chriszwz.Hello001.Hello001ApplicationTests is not public.
</error>
  </testcase>
  <testcase name="initializationError" classname="top.chriszwz.Hello001.Hello001ApplicationTests" time="0">
    <error message="Test class should have exactly one public constructor" type="java.lang.Exception">java.lang.Exception: Test class should have exactly one public constructor
</error>
  </testcase>
</testsuite>